# JRE version: OpenJDK Runtime Environment (8.0_152-b01) (build 1.8.0_152-release-1343-b01)
# Java VM: OpenJDK 64-Bit Server VM (25.152-b01 mixed mode windows-amd64 compressed oops)
Heap:
 PSYoungGen      total 184832K, used 105167K [0x00000000eab00000, 0x00000000f6a80000, 0x0000000100000000)
  eden space 174592K, 60% used [0x00000000eab00000,0x00000000f11b3c08,0x00000000f5580000)
  from space 10240K, 0% used [0x00000000f5f80000,0x00000000f5f80000,0x00000000f6980000)
  to   space 10240K, 0% used [0x00000000f5580000,0x00000000f5580000,0x00000000f5f80000)
 ParOldGen       total 53248K, used 17709K [0x00000000c0000000, 0x00000000c3400000, 0x00000000eab00000)
  object space 53248K, 33% used [0x00000000c0000000,0x00000000c114b690,0x00000000c3400000)
 Metaspace       used 38715K, capacity 39526K, committed 39768K, reserved 1083392K
  class space    used 5161K, capacity 5438K, committed 5504K, reserved 1048576K
GC Heap History (10 events):
Event: 23.907 GC heap before
{Heap before GC invocations=10 (full 1):
 PSYoungGen      total 102400K, used 102369K [0x00000000eab00000, 0x00000000f2c80000, 0x0000000100000000)
  eden space 95232K, 100% used [0x00000000eab00000,0x00000000f0800000,0x00000000f0800000)
  from space 7168K, 99% used [0x00000000f2580000,0x00000000f2c78420,0x00000000f2c80000)
  to   space 9216K, 0% used [0x00000000f1a80000,0x00000000f1a80000,0x00000000f2380000)
 ParOldGen       total 35840K, used 11968K [0x00000000c0000000, 0x00000000c2300000, 0x00000000eab00000)
  object space 35840K, 33% used [0x00000000c0000000,0x00000000c0bb01e0,0x00000000c2300000)
 Metaspace       used 28883K, capacity 29360K, committed 29696K, reserved 1075200K
  class space    used 3920K, capacity 4085K, committed 4096K, reserved 1048576K
Event: 23.951 GC heap after
Heap after GC invocations=10 (full 1):
 PSYoungGen      total 123392K, used 9200K [0x00000000eab00000, 0x00000000f4080000, 0x0000000100000000)
  eden space 114176K, 0% used [0x00000000eab00000,0x00000000eab00000,0x00000000f1a80000)
  from space 9216K, 99% used [0x00000000f1a80000,0x00000000f237c060,0x00000000f2380000)
  to   space 11264K, 0% used [0x00000000f3580000,0x00000000f3580000,0x00000000f4080000)
 ParOldGen       total 35840K, used 13570K [0x00000000c0000000, 0x00000000c2300000, 0x00000000eab00000)
  object space 35840K, 37% used [0x00000000c0000000,0x00000000c0d40868,0x00000000c2300000)
 Metaspace       used 28883K, capacity 29360K, committed 29696K, reserved 1075200K
  class space    used 3920K, capacity 4085K, committed 4096K, reserved 1048576K
}
Event: 27.901 GC heap before
{Heap before GC invocations=11 (full 1):
 PSYoungGen      total 123392K, used 123376K [0x00000000eab00000, 0x00000000f4080000, 0x0000000100000000)
  eden space 114176K, 100% used [0x00000000eab00000,0x00000000f1a80000,0x00000000f1a80000)
  from space 9216K, 99% used [0x00000000f1a80000,0x00000000f237c060,0x00000000f2380000)
  to   space 11264K, 0% used [0x00000000f3580000,0x00000000f3580000,0x00000000f4080000)
 ParOldGen       total 35840K, used 13570K [0x00000000c0000000, 0x00000000c2300000, 0x00000000eab00000)
  object space 35840K, 37% used [0x00000000c0000000,0x00000000c0d40868,0x00000000c2300000)
 Metaspace       used 28943K, capacity 29424K, committed 29696K, reserved 1075200K
  class space    used 3927K, capacity 4085K, committed 4096K, reserved 1048576K
Event: 27.933 GC heap after
Heap after GC invocations=11 (full 1):
 PSYoungGen      total 142336K, used 5920K [0x00000000eab00000, 0x00000000f5700000, 0x0000000100000000)
  eden space 131072K, 0% used [0x00000000eab00000,0x00000000eab00000,0x00000000f2b00000)
  from space 11264K, 52% used [0x00000000f3580000,0x00000000f3b48050,0x00000000f4080000)
  to   space 10752K, 0% used [0x00000000f2b00000,0x00000000f2b00000,0x00000000f3580000)
 ParOldGen       total 35840K, used 16974K [0x00000000c0000000, 0x00000000c2300000, 0x00000000eab00000)
  object space 35840K, 47% used [0x00000000c0000000,0x00000000c1093a58,0x00000000c2300000)
 Metaspace       used 28943K, capacity 29424K, committed 29696K, reserved 1075200K
  class space    used 3927K, capacity 4085K, committed 4096K, reserved 1048576K
}
Event: 32.860 GC heap before
{Heap before GC invocations=12 (full 1):
 PSYoungGen      total 142336K, used 136992K [0x00000000eab00000, 0x00000000f5700000, 0x0000000100000000)
  eden space 131072K, 100% used [0x00000000eab00000,0x00000000f2b00000,0x00000000f2b00000)
  from space 11264K, 52% used [0x00000000f3580000,0x00000000f3b48050,0x00000000f4080000)
  to   space 10752K, 0% used [0x00000000f2b00000,0x00000000f2b00000,0x00000000f3580000)
 ParOldGen       total 35840K, used 16974K [0x00000000c0000000, 0x00000000c2300000, 0x00000000eab00000)
  object space 35840K, 47% used [0x00000000c0000000,0x00000000c1093a58,0x00000000c2300000)
 Metaspace       used 32169K, capacity 32846K, committed 33024K, reserved 1077248K
  class space    used 4305K, capacity 4540K, committed 4608K, reserved 1048576K
Event: 32.886 GC heap after
Heap after GC invocations=12 (full 1):
 PSYoungGen      total 141824K, used 5532K [0x00000000eab00000, 0x00000000f6980000, 0x0000000100000000)
  eden space 131072K, 0% used [0x00000000eab00000,0x00000000eab00000,0x00000000f2b00000)
  from space 10752K, 51% used [0x00000000f2b00000,0x00000000f30671f8,0x00000000f3580000)
  to   space 10240K, 0% used [0x00000000f5f80000,0x00000000f5f80000,0x00000000f6980000)
 ParOldGen       total 35840K, used 17455K [0x00000000c0000000, 0x00000000c2300000, 0x00000000eab00000)
  object space 35840K, 48% used [0x00000000c0000000,0x00000000c110bed8,0x00000000c2300000)
 Metaspace       used 32169K, capacity 32846K, committed 33024K, reserved 1077248K
  class space    used 4305K, capacity 4540K, committed 4608K, reserved 1048576K
}
Event: 37.925 GC heap before
{Heap before GC invocations=13 (full 1):
 PSYoungGen      total 141824K, used 53357K [0x00000000eab00000, 0x00000000f6980000, 0x0000000100000000)
  eden space 131072K, 36% used [0x00000000eab00000,0x00000000ed9b4490,0x00000000f2b00000)
  from space 10752K, 51% used [0x00000000f2b00000,0x00000000f30671f8,0x00000000f3580000)
  to   space 10240K, 0% used [0x00000000f5f80000,0x00000000f5f80000,0x00000000f6980000)
 ParOldGen       total 35840K, used 17455K [0x00000000c0000000, 0x00000000c2300000, 0x00000000eab00000)
  object space 35840K, 48% used [0x00000000c0000000,0x00000000c110bed8,0x00000000c2300000)
 Metaspace       used 34621K, capacity 35294K, committed 35416K, reserved 1079296K
  class space    used 4713K, capacity 4952K, committed 4992K, reserved 1048576K
Event: 37.984 GC heap after
Heap after GC invocations=13 (full 1):
 PSYoungGen      total 184832K, used 4629K [0x00000000eab00000, 0x00000000f6a80000, 0x0000000100000000)
  eden space 174592K, 0% used [0x00000000eab00000,0x00000000eab00000,0x00000000f5580000)
  from space 10240K, 45% used [0x00000000f5f80000,0x00000000f6405668,0x00000000f6980000)
  to   space 10240K, 0% used [0x00000000f5580000,0x00000000f5580000,0x00000000f5f80000)
 ParOldGen       total 35840K, used 20715K [0x00000000c0000000, 0x00000000c2300000, 0x00000000eab00000)
  object space 35840K, 57% used [0x00000000c0000000,0x00000000c143af28,0x00000000c2300000)
 Metaspace       used 34621K, capacity 35294K, committed 35416K, reserved 1079296K
  class space    used 4713K, capacity 4952K, committed 4992K, reserved 1048576K
}
Event: 37.985 GC heap before
{Heap before GC invocations=14 (full 2):
 PSYoungGen      total 184832K, used 4629K [0x00000000eab00000, 0x00000000f6a80000, 0x0000000100000000)
  eden space 174592K, 0% used [0x00000000eab00000,0x00000000eab00000,0x00000000f5580000)
  from space 10240K, 45% used [0x00000000f5f80000,0x00000000f6405668,0x00000000f6980000)
  to   space 10240K, 0% used [0x00000000f5580000,0x00000000f5580000,0x00000000f5f80000)
 ParOldGen       total 35840K, used 20715K [0x00000000c0000000, 0x00000000c2300000, 0x00000000eab00000)
  object space 35840K, 57% used [0x00000000c0000000,0x00000000c143af28,0x00000000c2300000)
 Metaspace       used 34621K, capacity 35294K, committed 35416K, reserved 1079296K
  class space    used 4713K, capacity 4952K, committed 4992K, reserved 1048576K
Event: 38.270 GC heap after
Heap after GC invocations=14 (full 2):
 PSYoungGen      total 184832K, used 0K [0x00000000eab00000, 0x00000000f6a80000, 0x0000000100000000)
  eden space 174592K, 0% used [0x00000000eab00000,0x00000000eab00000,0x00000000f5580000)
  from space 10240K, 0% used [0x00000000f5f80000,0x00000000f5f80000,0x00000000f6980000)
  to   space 10240K, 0% used [0x00000000f5580000,0x00000000f5580000,0x00000000f5f80000)
 ParOldGen       total 53248K, used 17709K [0x00000000c0000000, 0x00000000c3400000, 0x00000000eab00000)
  object space 53248K, 33% used [0x00000000c0000000,0x00000000c114b690,0x00000000c3400000)
 Metaspace       used 34551K, capacity 35138K, committed 35416K, reserved 1079296K
  class space    used 4693K, capacity 4900K, committed 4992K, reserved 1048576K
}

